# JRE version: OpenJDK Runtime Environment (21.0+35) (build 21+35-2513)
# Java VM: OpenJDK 64-Bit Server VM (21+35-2513, mixed mode, sharing, tiered, compressed oops, compressed class ptrs, g1 gc, bsd-aarch64)
Heap:
 garbage-first heap   total 133120K, used 40512K [0x0000000780000000, 0x0000000800000000)
  region size 1024K, 38 young (38912K), 1 survivors (1024K)
 Metaspace       used 8083K, committed 8384K, reserved 1114112K
  class space    used 822K, committed 960K, reserved 1048576K
GC Heap History (20 events):
Event: 14389.248 GC heap before
{Heap before GC invocations=219 (full 0):
 garbage-first heap   total 133120K, used 79934K [0x0000000780000000, 0x0000000800000000)
  region size 1024K, 76 young (77824K), 1 survivors (1024K)
 Metaspace       used 8083K, committed 8384K, reserved 1114112K
  class space    used 822K, committed 960K, reserved 1048576K
}
Event: 14389.249 GC heap after
{Heap after GC invocations=220 (full 0):
 garbage-first heap   total 133120K, used 3132K [0x0000000780000000, 0x0000000800000000)
  region size 1024K, 1 young (1024K), 1 survivors (1024K)
 Metaspace       used 8083K, committed 8384K, reserved 1114112K
  class space    used 822K, committed 960K, reserved 1048576K
}
Event: 14463.224 GC heap before
{Heap before GC invocations=220 (full 0):
 garbage-first heap   total 133120K, used 79932K [0x0000000780000000, 0x0000000800000000)
  region size 1024K, 76 young (77824K), 1 survivors (1024K)
 Metaspace       used 8083K, committed 8384K, reserved 1114112K
  class space    used 822K, committed 960K, reserved 1048576K
}
Event: 14463.226 GC heap after
{Heap after GC invocations=221 (full 0):
 garbage-first heap   total 133120K, used 3130K [0x0000000780000000, 0x0000000800000000)
  region size 1024K, 1 young (1024K), 1 survivors (1024K)
 Metaspace       used 8083K, committed 8384K, reserved 1114112K
  class space    used 822K, committed 960K, reserved 1048576K
}
Event: 14536.732 GC heap before
{Heap before GC invocations=221 (full 0):
 garbage-first heap   total 133120K, used 79930K [0x0000000780000000, 0x0000000800000000)
  region size 1024K, 76 young (77824K), 1 survivors (1024K)
 Metaspace       used 8083K, committed 8384K, reserved 1114112K
  class space    used 822K, committed 960K, reserved 1048576K
}
Event: 14536.734 GC heap after
{Heap after GC invocations=222 (full 0):
 garbage-first heap   total 133120K, used 3136K [0x0000000780000000, 0x0000000800000000)
  region size 1024K, 1 young (1024K), 1 survivors (1024K)
 Metaspace       used 8083K, committed 8384K, reserved 1114112K
  class space    used 822K, committed 960K, reserved 1048576K
}
Event: 14610.298 GC heap before
{Heap before GC invocations=222 (full 0):
 garbage-first heap   total 133120K, used 79936K [0x0000000780000000, 0x0000000800000000)
  region size 1024K, 76 young (77824K), 1 survivors (1024K)
 Metaspace       used 8083K, committed 8384K, reserved 1114112K
  class space    used 822K, committed 960K, reserved 1048576K
}
Event: 14610.299 GC heap after
{Heap after GC invocations=223 (full 0):
 garbage-first heap   total 133120K, used 3132K [0x0000000780000000, 0x0000000800000000)
  region size 1024K, 1 young (1024K), 1 survivors (1024K)
 Metaspace       used 8083K, committed 8384K, reserved 1114112K
  class space    used 822K, committed 960K, reserved 1048576K
}
Event: 14684.089 GC heap before
{Heap before GC invocations=223 (full 0):
 garbage-first heap   total 133120K, used 79932K [0x0000000780000000, 0x0000000800000000)
  region size 1024K, 76 young (77824K), 1 survivors (1024K)
 Metaspace       used 8083K, committed 8384K, reserved 1114112K
  class space    used 822K, committed 960K, reserved 1048576K
}
Event: 14684.090 GC heap after
{Heap after GC invocations=224 (full 0):
 garbage-first heap   total 133120K, used 3134K [0x0000000780000000, 0x0000000800000000)
  region size 1024K, 1 young (1024K), 1 survivors (1024K)
 Metaspace       used 8083K, committed 8384K, reserved 1114112K
  class space    used 822K, committed 960K, reserved 1048576K
}
Event: 14757.990 GC heap before
{Heap before GC invocations=224 (full 0):
 garbage-first heap   total 133120K, used 79934K [0x0000000780000000, 0x0000000800000000)
  region size 1024K, 76 young (77824K), 1 survivors (1024K)
 Metaspace       used 8083K, committed 8384K, reserved 1114112K
  class space    used 822K, committed 960K, reserved 1048576K
}
Event: 14757.991 GC heap after
{Heap after GC invocations=225 (full 0):
 garbage-first heap   total 133120K, used 3132K [0x0000000780000000, 0x0000000800000000)
  region size 1024K, 1 young (1024K), 1 survivors (1024K)
 Metaspace       used 8083K, committed 8384K, reserved 1114112K
  class space    used 822K, committed 960K, reserved 1048576K
}
Event: 14831.799 GC heap before
{Heap before GC invocations=225 (full 0):
 garbage-first heap   total 133120K, used 79932K [0x0000000780000000, 0x0000000800000000)
  region size 1024K, 76 young (77824K), 1 survivors (1024K)
 Metaspace       used 8083K, committed 8384K, reserved 1114112K
  class space    used 822K, committed 960K, reserved 1048576K
}
Event: 14831.800 GC heap after
{Heap after GC invocations=226 (full 0):
 garbage-first heap   total 133120K, used 3132K [0x0000000780000000, 0x0000000800000000)
  region size 1024K, 1 young (1024K), 1 survivors (1024K)
 Metaspace       used 8083K, committed 8384K, reserved 1114112K
  class space    used 822K, committed 960K, reserved 1048576K
}
Event: 14902.659 GC heap before
{Heap before GC invocations=226 (full 0):
 garbage-first heap   total 133120K, used 79932K [0x0000000780000000, 0x0000000800000000)
  region size 1024K, 76 young (77824K), 1 survivors (1024K)
 Metaspace       used 8083K, committed 8384K, reserved 1114112K
  class space    used 822K, committed 960K, reserved 1048576K
}
Event: 14902.661 GC heap after
{Heap after GC invocations=227 (full 0):
 garbage-first heap   total 133120K, used 3132K [0x0000000780000000, 0x0000000800000000)
  region size 1024K, 1 young (1024K), 1 survivors (1024K)
 Metaspace       used 8083K, committed 8384K, reserved 1114112K
  class space    used 822K, committed 960K, reserved 1048576K
}
Event: 14976.552 GC heap before
{Heap before GC invocations=227 (full 0):
 garbage-first heap   total 133120K, used 79932K [0x0000000780000000, 0x0000000800000000)
  region size 1024K, 76 young (77824K), 1 survivors (1024K)
 Metaspace       used 8083K, committed 8384K, reserved 1114112K
  class space    used 822K, committed 960K, reserved 1048576K
}
Event: 14976.553 GC heap after
{Heap after GC invocations=228 (full 0):
 garbage-first heap   total 133120K, used 3128K [0x0000000780000000, 0x0000000800000000)
  region size 1024K, 1 young (1024K), 1 survivors (1024K)
 Metaspace       used 8083K, committed 8384K, reserved 1114112K
  class space    used 822K, committed 960K, reserved 1048576K
}
Event: 15052.323 GC heap before
{Heap before GC invocations=228 (full 0):
 garbage-first heap   total 133120K, used 79928K [0x0000000780000000, 0x0000000800000000)
  region size 1024K, 76 young (77824K), 1 survivors (1024K)
 Metaspace       used 8083K, committed 8384K, reserved 1114112K
  class space    used 822K, committed 960K, reserved 1048576K
}
Event: 15052.325 GC heap after
{Heap after GC invocations=229 (full 0):
 garbage-first heap   total 133120K, used 3134K [0x0000000780000000, 0x0000000800000000)
  region size 1024K, 1 young (1024K), 1 survivors (1024K)
 Metaspace       used 8083K, committed 8384K, reserved 1114112K
  class space    used 822K, committed 960K, reserved 1048576K
}

